2023-08-31 17:12:56.043 [] [main] INFO  com.example.seckilldemo.SeckillDemoApplication - Starting SeckillDemoApplication using Java 1.8.0_221 on DESKTOP-IOSI537 with PID 37004 (D:\comptitionreal\seckillDemo\target\classes started by admin in D:\comptitionreal\seckillDemo)
2023-08-31 17:12:56.046 [] [main] INFO  com.example.seckilldemo.SeckillDemoApplication - The following 1 profile is active: "dev"
2023-08-31 17:12:56.057 [] [background-preinit] INFO  org.hibernate.validator.internal.util.Version - HV000001: Hibernate Validator 6.2.5.Final
2023-08-31 17:12:56.445 [] [main] WARN  o.s.b.w.s.c.AnnotationConfigServletWebServerApplicationContext - Exception encountered during context initialization - cancelling refresh attempt: org.springframework.beans.factory.BeanDefinitionStoreException: Failed to parse configuration class [com.example.seckilldemo.SeckillDemoApplication]; nested exception is java.io.FileNotFoundException: class path resource [com/example/seckilldemo/service/SeckillService.class] cannot be opened because it does not exist
2023-08-31 17:12:56.823 [] [main] ERROR org.springframework.boot.SpringApplication - Application run failed
org.springframework.beans.factory.BeanDefinitionStoreException: Failed to parse configuration class [com.example.seckilldemo.SeckillDemoApplication]; nested exception is java.io.FileNotFoundException: class path resource [com/example/seckilldemo/service/SeckillService.class] cannot be opened because it does not exist
	at org.springframework.context.annotation.ConfigurationClassParser.parse(ConfigurationClassParser.java:188)
	at org.springframework.context.annotation.ConfigurationClassPostProcessor.processConfigBeanDefinitions(ConfigurationClassPostProcessor.java:331)
	at org.springframework.context.annotation.ConfigurationClassPostProcessor.postProcessBeanDefinitionRegistry(ConfigurationClassPostProcessor.java:247)
	at org.springframework.context.support.PostProcessorRegistrationDelegate.invokeBeanDefinitionRegistryPostProcessors(PostProcessorRegistrationDelegate.java:311)
	at org.springframework.context.support.PostProcessorRegistrationDelegate.invokeBeanFactoryPostProcessors(PostProcessorRegistrationDelegate.java:112)
	at org.springframework.context.support.AbstractApplicationContext.invokeBeanFactoryPostProcessors(AbstractApplicationContext.java:746)
	at org.springframework.context.support.AbstractApplicationContext.refresh(AbstractApplicationContext.java:564)
	at org.springframework.boot.web.servlet.context.ServletWebServerApplicationContext.refresh(ServletWebServerApplicationContext.java:147)
	at org.springframework.boot.SpringApplication.refresh(SpringApplication.java:731)
	at org.springframework.boot.SpringApplication.refreshContext(SpringApplication.java:408)
	at org.springframework.boot.SpringApplication.run(SpringApplication.java:307)
	at org.springframework.boot.SpringApplication.run(SpringApplication.java:1303)
	at org.springframework.boot.SpringApplication.run(SpringApplication.java:1292)
	at com.example.seckilldemo.SeckillDemoApplication.main(SeckillDemoApplication.java:15)
Caused by: java.io.FileNotFoundException: class path resource [com/example/seckilldemo/service/SeckillService.class] cannot be opened because it does not exist
	at org.springframework.core.io.ClassPathResource.getInputStream(ClassPathResource.java:199)
	at org.springframework.core.type.classreading.SimpleMetadataReader.getClassReader(SimpleMetadataReader.java:55)
	at org.springframework.core.type.classreading.SimpleMetadataReader.<init>(SimpleMetadataReader.java:48)
	at org.springframework.core.type.classreading.SimpleMetadataReaderFactory.getMetadataReader(SimpleMetadataReaderFactory.java:103)
	at org.springframework.boot.type.classreading.ConcurrentReferenceCachingMetadataReaderFactory.createMetadataReader(ConcurrentReferenceCachingMetadataReaderFactory.java:86)
	at org.springframework.boot.type.classreading.ConcurrentReferenceCachingMetadataReaderFactory.getMetadataReader(ConcurrentReferenceCachingMetadataReaderFactory.java:73)
	at org.springframework.core.type.classreading.SimpleMetadataReaderFactory.getMetadataReader(SimpleMetadataReaderFactory.java:81)
	at org.springframework.context.annotation.ConfigurationClassParser.asSourceClass(ConfigurationClassParser.java:696)
	at org.springframework.context.annotation.ConfigurationClassParser$SourceClass.getInterfaces(ConfigurationClassParser.java:1024)
	at org.springframework.context.annotation.ConfigurationClassParser.processInterfaces(ConfigurationClassParser.java:385)
	at org.springframework.context.annotation.ConfigurationClassParser.doProcessConfigurationClass(ConfigurationClassParser.java:331)
	at org.springframework.context.annotation.ConfigurationClassParser.processConfigurationClass(ConfigurationClassParser.java:249)
	at org.springframework.context.annotation.ConfigurationClassParser.parse(ConfigurationClassParser.java:198)
	at org.springframework.context.annotation.ConfigurationClassParser.doProcessConfigurationClass(ConfigurationClassParser.java:303)
	at org.springframework.context.annotation.ConfigurationClassParser.processConfigurationClass(ConfigurationClassParser.java:249)
	at org.springframework.context.annotation.ConfigurationClassParser.parse(ConfigurationClassParser.java:206)
	at org.springframework.context.annotation.ConfigurationClassParser.parse(ConfigurationClassParser.java:174)
	... 13 common frames omitted
2023-08-31 17:17:19.580 [] [background-preinit] INFO  org.hibernate.validator.internal.util.Version - HV000001: Hibernate Validator 6.2.5.Final
2023-08-31 17:17:19.580 [] [main] INFO  com.example.seckilldemo.SeckillDemoApplication - Starting SeckillDemoApplication using Java 1.8.0_221 on DESKTOP-IOSI537 with PID 8316 (D:\comptitionreal\seckillDemo\target\classes started by admin in D:\comptitionreal\seckillDemo)
2023-08-31 17:17:19.583 [] [main] INFO  com.example.seckilldemo.SeckillDemoApplication - The following 1 profile is active: "dev"
2023-08-31 17:17:21.157 [] [main] INFO  o.s.d.r.config.RepositoryConfigurationDelegate - Multiple Spring Data modules found, entering strict repository configuration mode
2023-08-31 17:17:21.159 [] [main] INFO  o.s.d.r.config.RepositoryConfigurationDelegate - Bootstrapping Spring Data Redis repositories in DEFAULT mode.
2023-08-31 17:17:21.212 [] [main] INFO  o.s.d.r.config.RepositoryConfigurationDelegate - Finished Spring Data repository scanning in 23 ms. Found 0 Redis repository interfaces.
2023-08-31 17:17:22.319 [] [main] INFO  o.s.boot.web.embedded.tomcat.TomcatWebServer - Tomcat initialized with port(s): 8082 (http)
2023-08-31 17:17:22.329 [] [main] INFO  org.apache.coyote.http11.Http11NioProtocol - Initializing ProtocolHandler ["http-nio-8082"]
2023-08-31 17:17:22.330 [] [main] INFO  org.apache.catalina.core.StandardService - Starting service [Tomcat]
2023-08-31 17:17:22.330 [] [main] INFO  org.apache.catalina.core.StandardEngine - Starting Servlet engine: [Apache Tomcat/9.0.70]
2023-08-31 17:17:22.518 [] [main] INFO  o.a.c.core.ContainerBase.[Tomcat].[localhost].[/] - Initializing Spring embedded WebApplicationContext
2023-08-31 17:17:22.518 [] [main] INFO  o.s.b.w.s.c.ServletWebServerApplicationContext - Root WebApplicationContext: initialization completed in 2873 ms
2023-08-31 17:17:22.866 [] [main] INFO  com.example.seckilldemo.config.ThreadConfig - dms配置：ThreadConfig(threadCorePoolSize=100, threadMaxPoolSize=200, threadQueueCapacity=99999)
2023-08-31 17:17:23.084 [] [main] INFO  c.a.d.s.b.a.DruidDataSourceAutoConfigure - Init DruidDataSource
2023-08-31 17:17:23.481 [] [main] INFO  com.alibaba.druid.pool.DruidDataSource - {dataSource-1} inited
2023-08-31 17:17:23.660 [] [main] WARN  o.s.b.w.s.c.AnnotationConfigServletWebServerApplicationContext - Exception encountered during context initialization - cancelling refresh attempt: org.springframework.beans.factory.UnsatisfiedDependencyException: Error creating bean with name 'userController': Unsatisfied dependency expressed through field 'userService'; nested exception is org.springframework.beans.factory.UnsatisfiedDependencyException: Error creating bean with name 'userServiceImpl': Unsatisfied dependency expressed through field 'baseMapper'; nested exception is org.springframework.beans.factory.UnsatisfiedDependencyException: Error creating bean with name 'userMapper' defined in file [D:\comptitionreal\seckillDemo\target\classes\com\example\seckilldemo\dao\UserMapper.class]: Unsatisfied dependency expressed through bean property 'sqlSessionFactory'; nested exception is org.springframework.beans.factory.BeanCreationException: Error creating bean with name 'sqlSessionFactory' defined in class path resource [com/baomidou/mybatisplus/autoconfigure/MybatisPlusAutoConfiguration.class]: Bean instantiation via factory method failed; nested exception is org.springframework.beans.BeanInstantiationException: Failed to instantiate [org.apache.ibatis.session.SqlSessionFactory]: Factory method 'sqlSessionFactory' threw exception; nested exception is org.springframework.core.NestedIOException: Failed to parse mapping resource: 'file [D:\comptitionreal\seckillDemo\target\classes\mybatis\base\ SeckillGoodsMapper.xml]'; nested exception is org.apache.ibatis.builder.BuilderException: Error parsing Mapper XML. The XML location is 'file [D:\comptitionreal\seckillDemo\target\classes\mybatis\base\ SeckillGoodsMapper.xml]'. Cause: org.apache.ibatis.builder.BuilderException: Error resolving class. Cause: org.apache.ibatis.type.TypeException: Could not resolve type alias 'com.example.seckilldemo.entity.po.Goods'.  Cause: java.lang.ClassNotFoundException: Cannot find class: com.example.seckilldemo.entity.po.Goods
2023-08-31 17:17:23.660 [] [main] INFO  com.alibaba.druid.pool.DruidDataSource - {dataSource-1} closing ...
2023-08-31 17:17:23.668 [] [main] INFO  com.alibaba.druid.pool.DruidDataSource - {dataSource-1} closed
2023-08-31 17:17:23.672 [] [main] INFO  org.apache.catalina.core.StandardService - Stopping service [Tomcat]
2023-08-31 17:17:23.686 [] [main] INFO  o.s.b.a.l.ConditionEvaluationReportLoggingListener - 

Error starting ApplicationContext. To display the conditions report re-run your application with 'debug' enabled.
2023-08-31 17:17:23.724 [] [main] ERROR org.springframework.boot.SpringApplication - Application run failed
org.springframework.beans.factory.UnsatisfiedDependencyException: Error creating bean with name 'userController': Unsatisfied dependency expressed through field 'userService'; nested exception is org.springframework.beans.factory.UnsatisfiedDependencyException: Error creating bean with name 'userServiceImpl': Unsatisfied dependency expressed through field 'baseMapper'; nested exception is org.springframework.beans.factory.UnsatisfiedDependencyException: Error creating bean with name 'userMapper' defined in file [D:\comptitionreal\seckillDemo\target\classes\com\example\seckilldemo\dao\UserMapper.class]: Unsatisfied dependency expressed through bean property 'sqlSessionFactory'; nested exception is org.springframework.beans.factory.BeanCreationException: Error creating bean with name 'sqlSessionFactory' defined in class path resource [com/baomidou/mybatisplus/autoconfigure/MybatisPlusAutoConfiguration.class]: Bean instantiation via factory method failed; nested exception is org.springframework.beans.BeanInstantiationException: Failed to instantiate [org.apache.ibatis.session.SqlSessionFactory]: Factory method 'sqlSessionFactory' threw exception; nested exception is org.springframework.core.NestedIOException: Failed to parse mapping resource: 'file [D:\comptitionreal\seckillDemo\target\classes\mybatis\base\ SeckillGoodsMapper.xml]'; nested exception is org.apache.ibatis.builder.BuilderException: Error parsing Mapper XML. The XML location is 'file [D:\comptitionreal\seckillDemo\target\classes\mybatis\base\ SeckillGoodsMapper.xml]'. Cause: org.apache.ibatis.builder.BuilderException: Error resolving class. Cause: org.apache.ibatis.type.TypeException: Could not resolve type alias 'com.example.seckilldemo.entity.po.Goods'.  Cause: java.lang.ClassNotFoundException: Cannot find class: com.example.seckilldemo.entity.po.Goods
	at org.springframework.beans.factory.annotation.AutowiredAnnotationBeanPostProcessor$AutowiredFieldElement.resolveFieldValue(AutowiredAnnotationBeanPostProcessor.java:660)
	at org.springframework.beans.factory.annotation.AutowiredAnnotationBeanPostProcessor$AutowiredFieldElement.inject(AutowiredAnnotationBeanPostProcessor.java:640)
	at org.springframework.beans.factory.annotation.InjectionMetadata.inject(InjectionMetadata.java:119)
	at org.springframework.beans.factory.annotation.AutowiredAnnotationBeanPostProcessor.postProcessProperties(AutowiredAnnotationBeanPostProcessor.java:399)
	at org.springframework.beans.factory.support.AbstractAutowireCapableBeanFactory.populateBean(AbstractAutowireCapableBeanFactory.java:1431)
	at org.springframework.beans.factory.support.AbstractAutowireCapableBeanFactory.doCreateBean(AbstractAutowireCapableBeanFactory.java:619)
	at org.springframework.beans.factory.support.AbstractAutowireCapableBeanFactory.createBean(AbstractAutowireCapableBeanFactory.java:542)
	at org.springframework.beans.factory.support.AbstractBeanFactory.lambda$doGetBean$0(AbstractBeanFactory.java:335)
	at org.springframework.beans.factory.support.DefaultSingletonBeanRegistry.getSingleton(DefaultSingletonBeanRegistry.java:234)
	at org.springframework.beans.factory.support.AbstractBeanFactory.doGetBean(AbstractBeanFactory.java:333)
	at org.springframework.beans.factory.support.AbstractBeanFactory.getBean(AbstractBeanFactory.java:208)
	at org.springframework.beans.factory.support.DefaultListableBeanFactory.preInstantiateSingletons(DefaultListableBeanFactory.java:955)
	at org.springframework.context.support.AbstractApplicationContext.finishBeanFactoryInitialization(AbstractApplicationContext.java:918)
	at org.springframework.context.support.AbstractApplicationContext.refresh(AbstractApplicationContext.java:583)
	at org.springframework.boot.web.servlet.context.ServletWebServerApplicationContext.refresh(ServletWebServerApplicationContext.java:147)
	at org.springframework.boot.SpringApplication.refresh(SpringApplication.java:731)
	at org.springframework.boot.SpringApplication.refreshContext(SpringApplication.java:408)
	at org.springframework.boot.SpringApplication.run(SpringApplication.java:307)
	at org.springframework.boot.SpringApplication.run(SpringApplication.java:1303)
	at org.springframework.boot.SpringApplication.run(SpringApplication.java:1292)
	at com.example.seckilldemo.SeckillDemoApplication.main(SeckillDemoApplication.java:15)
Caused by: org.springframework.beans.factory.UnsatisfiedDependencyException: Error creating bean with name 'userServiceImpl': Unsatisfied dependency expressed through field 'baseMapper'; nested exception is org.springframework.beans.factory.UnsatisfiedDependencyException: Error creating bean with name 'userMapper' defined in file [D:\comptitionreal\seckillDemo\target\classes\com\example\seckilldemo\dao\UserMapper.class]: Unsatisfied dependency expressed through bean property 'sqlSessionFactory'; nested exception is org.springframework.beans.factory.BeanCreationException: Error creating bean with name 'sqlSessionFactory' defined in class path resource [com/baomidou/mybatisplus/autoconfigure/MybatisPlusAutoConfiguration.class]: Bean instantiation via factory method failed; nested exception is org.springframework.beans.BeanInstantiationException: Failed to instantiate [org.apache.ibatis.session.SqlSessionFactory]: Factory method 'sqlSessionFactory' threw exception; nested exception is org.springframework.core.NestedIOException: Failed to parse mapping resource: 'file [D:\comptitionreal\seckillDemo\target\classes\mybatis\base\ SeckillGoodsMapper.xml]'; nested exception is org.apache.ibatis.builder.BuilderException: Error parsing Mapper XML. The XML location is 'file [D:\comptitionreal\seckillDemo\target\classes\mybatis\base\ SeckillGoodsMapper.xml]'. Cause: org.apache.ibatis.builder.BuilderException: Error resolving class. Cause: org.apache.ibatis.type.TypeException: Could not resolve type alias 'com.example.seckilldemo.entity.po.Goods'.  Cause: java.lang.ClassNotFoundException: Cannot find class: com.example.seckilldemo.entity.po.Goods
	at org.springframework.beans.factory.annotation.AutowiredAnnotationBeanPostProcessor$AutowiredFieldElement.resolveFieldValue(AutowiredAnnotationBeanPostProcessor.java:660)
	at org.springframework.beans.factory.annotation.AutowiredAnnotationBeanPostProcessor$AutowiredFieldElement.inject(AutowiredAnnotationBeanPostProcessor.java:640)
	at org.springframework.beans.factory.annotation.InjectionMetadata.inject(InjectionMetadata.java:119)
	at org.springframework.beans.factory.annotation.AutowiredAnnotationBeanPostProcessor.postProcessProperties(AutowiredAnnotationBeanPostProcessor.java:399)
	at org.springframework.beans.factory.support.AbstractAutowireCapableBeanFactory.populateBean(AbstractAutowireCapableBeanFactory.java:1431)
	at org.springframework.beans.factory.support.AbstractAutowireCapableBeanFactory.doCreateBean(AbstractAutowireCapableBeanFactory.java:619)
	at org.springframework.beans.factory.support.AbstractAutowireCapableBeanFactory.createBean(AbstractAutowireCapableBeanFactory.java:542)
	at org.springframework.beans.factory.support.AbstractBeanFactory.lambda$doGetBean$0(AbstractBeanFactory.java:335)
	at org.springframework.beans.factory.support.DefaultSingletonBeanRegistry.getSingleton(DefaultSingletonBeanRegistry.java:234)
	at org.springframework.beans.factory.support.AbstractBeanFactory.doGetBean(AbstractBeanFactory.java:333)
	at org.springframework.beans.factory.support.AbstractBeanFactory.getBean(AbstractBeanFactory.java:208)
	at org.springframework.beans.factory.config.DependencyDescriptor.resolveCandidate(DependencyDescriptor.java:276)
	at org.springframework.beans.factory.support.DefaultListableBeanFactory.doResolveDependency(DefaultListableBeanFactory.java:1391)
	at org.springframework.beans.factory.support.DefaultListableBeanFactory.resolveDependency(DefaultListableBeanFactory.java:1311)
	at org.springframework.beans.factory.annotation.AutowiredAnnotationBeanPostProcessor$AutowiredFieldElement.resolveFieldValue(AutowiredAnnotationBeanPostProcessor.java:657)
	... 20 common frames omitted
Caused by: org.springframework.beans.factory.UnsatisfiedDependencyException: Error creating bean with name 'userMapper' defined in file [D:\comptitionreal\seckillDemo\target\classes\com\example\seckilldemo\dao\UserMapper.class]: Unsatisfied dependency expressed through bean property 'sqlSessionFactory'; nested exception is org.springframework.beans.factory.BeanCreationException: Error creating bean with name 'sqlSessionFactory' defined in class path resource [com/baomidou/mybatisplus/autoconfigure/MybatisPlusAutoConfiguration.class]: Bean instantiation via factory method failed; nested exception is org.springframework.beans.BeanInstantiationException: Failed to instantiate [org.apache.ibatis.session.SqlSessionFactory]: Factory method 'sqlSessionFactory' threw exception; nested exception is org.springframework.core.NestedIOException: Failed to parse mapping resource: 'file [D:\comptitionreal\seckillDemo\target\classes\mybatis\base\ SeckillGoodsMapper.xml]'; nested exception is org.apache.ibatis.builder.BuilderException: Error parsing Mapper XML. The XML location is 'file [D:\comptitionreal\seckillDemo\target\classes\mybatis\base\ SeckillGoodsMapper.xml]'. Cause: org.apache.ibatis.builder.BuilderException: Error resolving class. Cause: org.apache.ibatis.type.TypeException: Could not resolve type alias 'com.example.seckilldemo.entity.po.Goods'.  Cause: java.lang.ClassNotFoundException: Cannot find class: com.example.seckilldemo.entity.po.Goods
	at org.springframework.beans.factory.support.AbstractAutowireCapableBeanFactory.autowireByType(AbstractAutowireCapableBeanFactory.java:1534)
	at org.springframework.beans.factory.support.AbstractAutowireCapableBeanFactory.populateBean(AbstractAutowireCapableBeanFactory.java:1417)
	at org.springframework.beans.factory.support.AbstractAutowireCapableBeanFactory.doCreateBean(AbstractAutowireCapableBeanFactory.java:619)
	at org.springframework.beans.factory.support.AbstractAutowireCapableBeanFactory.createBean(AbstractAutowireCapableBeanFactory.java:542)
	at org.springframework.beans.factory.support.AbstractBeanFactory.lambda$doGetBean$0(AbstractBeanFactory.java:335)
	at org.springframework.beans.factory.support.DefaultSingletonBeanRegistry.getSingleton(DefaultSingletonBeanRegistry.java:234)
	at org.springframework.beans.factory.support.AbstractBeanFactory.doGetBean(AbstractBeanFactory.java:333)
	at org.springframework.beans.factory.support.AbstractBeanFactory.getBean(AbstractBeanFactory.java:208)
	at org.springframework.beans.factory.config.DependencyDescriptor.resolveCandidate(DependencyDescriptor.java:276)
	at org.springframework.beans.factory.support.DefaultListableBeanFactory.doResolveDependency(DefaultListableBeanFactory.java:1391)
	at org.springframework.beans.factory.support.DefaultListableBeanFactory.resolveDependency(DefaultListableBeanFactory.java:1311)
	at org.springframework.beans.factory.annotation.AutowiredAnnotationBeanPostProcessor$AutowiredFieldElement.resolveFieldValue(AutowiredAnnotationBeanPostProcessor.java:657)
	... 34 common frames omitted
Caused by: org.springframework.beans.factory.BeanCreationException: Error creating bean with name 'sqlSessionFactory' defined in class path resource [com/baomidou/mybatisplus/autoconfigure/MybatisPlusAutoConfiguration.class]: Bean instantiation via factory method failed; nested exception is org.springframework.beans.BeanInstantiationException: Failed to instantiate [org.apache.ibatis.session.SqlSessionFactory]: Factory method 'sqlSessionFactory' threw exception; nested exception is org.springframework.core.NestedIOException: Failed to parse mapping resource: 'file [D:\comptitionreal\seckillDemo\target\classes\mybatis\base\ SeckillGoodsMapper.xml]'; nested exception is org.apache.ibatis.builder.BuilderException: Error parsing Mapper XML. The XML location is 'file [D:\comptitionreal\seckillDemo\target\classes\mybatis\base\ SeckillGoodsMapper.xml]'. Cause: org.apache.ibatis.builder.BuilderException: Error resolving class. Cause: org.apache.ibatis.type.TypeException: Could not resolve type alias 'com.example.seckilldemo.entity.po.Goods'.  Cause: java.lang.ClassNotFoundException: Cannot find class: com.example.seckilldemo.entity.po.Goods
	at org.springframework.beans.factory.support.ConstructorResolver.instantiate(ConstructorResolver.java:658)
	at org.springframework.beans.factory.support.ConstructorResolver.instantiateUsingFactoryMethod(ConstructorResolver.java:638)
	at org.springframework.beans.factory.support.AbstractAutowireCapableBeanFactory.instantiateUsingFactoryMethod(AbstractAutowireCapableBeanFactory.java:1352)
	at org.springframework.beans.factory.support.AbstractAutowireCapableBeanFactory.createBeanInstance(AbstractAutowireCapableBeanFactory.java:1195)
	at org.springframework.beans.factory.support.AbstractAutowireCapableBeanFactory.doCreateBean(AbstractAutowireCapableBeanFactory.java:582)
	at org.springframework.beans.factory.support.AbstractAutowireCapableBeanFactory.createBean(AbstractAutowireCapableBeanFactory.java:542)
	at org.springframework.beans.factory.support.AbstractBeanFactory.lambda$doGetBean$0(AbstractBeanFactory.java:335)
	at org.springframework.beans.factory.support.DefaultSingletonBeanRegistry.getSingleton(DefaultSingletonBeanRegistry.java:234)
	at org.springframework.beans.factory.support.AbstractBeanFactory.doGetBean(AbstractBeanFactory.java:333)
	at org.springframework.beans.factory.support.AbstractBeanFactory.getBean(AbstractBeanFactory.java:208)
	at org.springframework.beans.factory.config.DependencyDescriptor.resolveCandidate(DependencyDescriptor.java:276)
	at org.springframework.beans.factory.support.DefaultListableBeanFactory.doResolveDependency(DefaultListableBeanFactory.java:1391)
	at org.springframework.beans.factory.support.DefaultListableBeanFactory.resolveDependency(DefaultListableBeanFactory.java:1311)
	at org.springframework.beans.factory.support.AbstractAutowireCapableBeanFactory.autowireByType(AbstractAutowireCapableBeanFactory.java:1519)
	... 45 common frames omitted
Caused by: org.springframework.beans.BeanInstantiationException: Failed to instantiate [org.apache.ibatis.session.SqlSessionFactory]: Factory method 'sqlSessionFactory' threw exception; nested exception is org.springframework.core.NestedIOException: Failed to parse mapping resource: 'file [D:\comptitionreal\seckillDemo\target\classes\mybatis\base\ SeckillGoodsMapper.xml]'; nested exception is org.apache.ibatis.builder.BuilderException: Error parsing Mapper XML. The XML location is 'file [D:\comptitionreal\seckillDemo\target\classes\mybatis\base\ SeckillGoodsMapper.xml]'. Cause: org.apache.ibatis.builder.BuilderException: Error resolving class. Cause: org.apache.ibatis.type.TypeException: Could not resolve type alias 'com.example.seckilldemo.entity.po.Goods'.  Cause: java.lang.ClassNotFoundException: Cannot find class: com.example.seckilldemo.entity.po.Goods
	at org.springframework.beans.factory.support.SimpleInstantiationStrategy.instantiate(SimpleInstantiationStrategy.java:185)
	at org.springframework.beans.factory.support.ConstructorResolver.instantiate(ConstructorResolver.java:653)
	... 58 common frames omitted
Caused by: org.springframework.core.NestedIOException: Failed to parse mapping resource: 'file [D:\comptitionreal\seckillDemo\target\classes\mybatis\base\ SeckillGoodsMapper.xml]'; nested exception is org.apache.ibatis.builder.BuilderException: Error parsing Mapper XML. The XML location is 'file [D:\comptitionreal\seckillDemo\target\classes\mybatis\base\ SeckillGoodsMapper.xml]'. Cause: org.apache.ibatis.builder.BuilderException: Error resolving class. Cause: org.apache.ibatis.type.TypeException: Could not resolve type alias 'com.example.seckilldemo.entity.po.Goods'.  Cause: java.lang.ClassNotFoundException: Cannot find class: com.example.seckilldemo.entity.po.Goods
	at com.baomidou.mybatisplus.extension.spring.MybatisSqlSessionFactoryBean.buildSqlSessionFactory(MybatisSqlSessionFactoryBean.java:562)
	at com.baomidou.mybatisplus.extension.spring.MybatisSqlSessionFactoryBean.afterPropertiesSet(MybatisSqlSessionFactoryBean.java:433)
	at com.baomidou.mybatisplus.extension.spring.MybatisSqlSessionFactoryBean.getObject(MybatisSqlSessionFactoryBean.java:628)
	at com.baomidou.mybatisplus.autoconfigure.MybatisPlusAutoConfiguration.sqlSessionFactory(MybatisPlusAutoConfiguration.java:219)
	at sun.reflect.NativeMethodAccessorImpl.invoke0(Native Method)
	at sun.reflect.NativeMethodAccessorImpl.invoke(NativeMethodAccessorImpl.java:62)
	at sun.reflect.DelegatingMethodAccessorImpl.invoke(DelegatingMethodAccessorImpl.java:43)
	at java.lang.reflect.Method.invoke(Method.java:498)
	at org.springframework.beans.factory.support.SimpleInstantiationStrategy.instantiate(SimpleInstantiationStrategy.java:154)
	... 59 common frames omitted
Caused by: org.apache.ibatis.builder.BuilderException: Error parsing Mapper XML. The XML location is 'file [D:\comptitionreal\seckillDemo\target\classes\mybatis\base\ SeckillGoodsMapper.xml]'. Cause: org.apache.ibatis.builder.BuilderException: Error resolving class. Cause: org.apache.ibatis.type.TypeException: Could not resolve type alias 'com.example.seckilldemo.entity.po.Goods'.  Cause: java.lang.ClassNotFoundException: Cannot find class: com.example.seckilldemo.entity.po.Goods
	at org.apache.ibatis.builder.xml.XMLMapperBuilder.configurationElement(XMLMapperBuilder.java:123)
	at org.apache.ibatis.builder.xml.XMLMapperBuilder.parse(XMLMapperBuilder.java:95)
	at com.baomidou.mybatisplus.extension.spring.MybatisSqlSessionFactoryBean.buildSqlSessionFactory(MybatisSqlSessionFactoryBean.java:560)
	... 67 common frames omitted
Caused by: org.apache.ibatis.builder.BuilderException: Error resolving class. Cause: org.apache.ibatis.type.TypeException: Could not resolve type alias 'com.example.seckilldemo.entity.po.Goods'.  Cause: java.lang.ClassNotFoundException: Cannot find class: com.example.seckilldemo.entity.po.Goods
	at org.apache.ibatis.builder.BaseBuilder.resolveClass(BaseBuilder.java:118)
	at org.apache.ibatis.builder.xml.XMLStatementBuilder.parseStatementNode(XMLStatementBuilder.java:102)
	at org.apache.ibatis.builder.xml.XMLMapperBuilder.buildStatementFromContext(XMLMapperBuilder.java:138)
	at org.apache.ibatis.builder.xml.XMLMapperBuilder.buildStatementFromContext(XMLMapperBuilder.java:131)
	at org.apache.ibatis.builder.xml.XMLMapperBuilder.configurationElement(XMLMapperBuilder.java:121)
	... 69 common frames omitted
Caused by: org.apache.ibatis.type.TypeException: Could not resolve type alias 'com.example.seckilldemo.entity.po.Goods'.  Cause: java.lang.ClassNotFoundException: Cannot find class: com.example.seckilldemo.entity.po.Goods
	at org.apache.ibatis.type.TypeAliasRegistry.resolveAlias(TypeAliasRegistry.java:120)
	at org.apache.ibatis.builder.BaseBuilder.resolveAlias(BaseBuilder.java:149)
	at org.apache.ibatis.builder.BaseBuilder.resolveClass(BaseBuilder.java:116)
	... 73 common frames omitted
Caused by: java.lang.ClassNotFoundException: Cannot find class: com.example.seckilldemo.entity.po.Goods
	at org.apache.ibatis.io.ClassLoaderWrapper.classForName(ClassLoaderWrapper.java:196)
	at org.apache.ibatis.io.ClassLoaderWrapper.classForName(ClassLoaderWrapper.java:89)
	at org.apache.ibatis.io.Resources.classForName(Resources.java:261)
	at org.apache.ibatis.type.TypeAliasRegistry.resolveAlias(TypeAliasRegistry.java:116)
	... 75 common frames omitted
2023-08-31 17:18:00.286 [] [background-preinit] INFO  org.hibernate.validator.internal.util.Version - HV000001: Hibernate Validator 6.2.5.Final
2023-08-31 17:18:00.285 [] [main] INFO  com.example.seckilldemo.SeckillDemoApplication - Starting SeckillDemoApplication using Java 1.8.0_221 on DESKTOP-IOSI537 with PID 38692 (D:\comptitionreal\seckillDemo\target\classes started by admin in D:\comptitionreal\seckillDemo)
2023-08-31 17:18:00.288 [] [main] INFO  com.example.seckilldemo.SeckillDemoApplication - The following 1 profile is active: "dev"
2023-08-31 17:18:01.344 [] [main] INFO  o.s.d.r.config.RepositoryConfigurationDelegate - Multiple Spring Data modules found, entering strict repository configuration mode
2023-08-31 17:18:01.347 [] [main] INFO  o.s.d.r.config.RepositoryConfigurationDelegate - Bootstrapping Spring Data Redis repositories in DEFAULT mode.
2023-08-31 17:18:01.372 [] [main] INFO  o.s.d.r.config.RepositoryConfigurationDelegate - Finished Spring Data repository scanning in 10 ms. Found 0 Redis repository interfaces.
2023-08-31 17:18:02.155 [] [main] INFO  o.s.boot.web.embedded.tomcat.TomcatWebServer - Tomcat initialized with port(s): 8082 (http)
2023-08-31 17:18:02.165 [] [main] INFO  org.apache.coyote.http11.Http11NioProtocol - Initializing ProtocolHandler ["http-nio-8082"]
2023-08-31 17:18:02.166 [] [main] INFO  org.apache.catalina.core.StandardService - Starting service [Tomcat]
2023-08-31 17:18:02.166 [] [main] INFO  org.apache.catalina.core.StandardEngine - Starting Servlet engine: [Apache Tomcat/9.0.70]
2023-08-31 17:18:02.349 [] [main] INFO  o.a.c.core.ContainerBase.[Tomcat].[localhost].[/] - Initializing Spring embedded WebApplicationContext
2023-08-31 17:18:02.349 [] [main] INFO  o.s.b.w.s.c.ServletWebServerApplicationContext - Root WebApplicationContext: initialization completed in 2002 ms
2023-08-31 17:18:02.629 [] [main] INFO  com.example.seckilldemo.config.ThreadConfig - dms配置：ThreadConfig(threadCorePoolSize=100, threadMaxPoolSize=200, threadQueueCapacity=99999)
2023-08-31 17:18:02.769 [] [main] INFO  c.a.d.s.b.a.DruidDataSourceAutoConfigure - Init DruidDataSource
2023-08-31 17:18:03.129 [] [main] INFO  com.alibaba.druid.pool.DruidDataSource - {dataSource-1} inited
2023-08-31 17:18:03.275 [] [main] WARN  o.s.b.w.s.c.AnnotationConfigServletWebServerApplicationContext - Exception encountered during context initialization - cancelling refresh attempt: org.springframework.beans.factory.UnsatisfiedDependencyException: Error creating bean with name 'userController': Unsatisfied dependency expressed through field 'userService'; nested exception is org.springframework.beans.factory.UnsatisfiedDependencyException: Error creating bean with name 'userServiceImpl': Unsatisfied dependency expressed through field 'baseMapper'; nested exception is org.springframework.beans.factory.UnsatisfiedDependencyException: Error creating bean with name 'userMapper' defined in file [D:\comptitionreal\seckillDemo\target\classes\com\example\seckilldemo\dao\UserMapper.class]: Unsatisfied dependency expressed through bean property 'sqlSessionFactory'; nested exception is org.springframework.beans.factory.BeanCreationException: Error creating bean with name 'sqlSessionFactory' defined in class path resource [com/baomidou/mybatisplus/autoconfigure/MybatisPlusAutoConfiguration.class]: Bean instantiation via factory method failed; nested exception is org.springframework.beans.BeanInstantiationException: Failed to instantiate [org.apache.ibatis.session.SqlSessionFactory]: Factory method 'sqlSessionFactory' threw exception; nested exception is org.springframework.core.NestedIOException: Failed to parse mapping resource: 'file [D:\comptitionreal\seckillDemo\target\classes\mybatis\base\ SeckillGoodsMapper.xml]'; nested exception is org.apache.ibatis.builder.BuilderException: Error parsing Mapper XML. The XML location is 'file [D:\comptitionreal\seckillDemo\target\classes\mybatis\base\ SeckillGoodsMapper.xml]'. Cause: org.apache.ibatis.builder.BuilderException: Error resolving class. Cause: org.apache.ibatis.type.TypeException: Could not resolve type alias 'com.example.seckilldemo.entity.po.Goods'.  Cause: java.lang.ClassNotFoundException: Cannot find class: com.example.seckilldemo.entity.po.Goods
2023-08-31 17:18:03.276 [] [main] INFO  com.alibaba.druid.pool.DruidDataSource - {dataSource-1} closing ...
2023-08-31 17:18:03.282 [] [main] INFO  com.alibaba.druid.pool.DruidDataSource - {dataSource-1} closed
2023-08-31 17:18:03.286 [] [main] INFO  org.apache.catalina.core.StandardService - Stopping service [Tomcat]
2023-08-31 17:18:03.300 [] [main] INFO  o.s.b.a.l.ConditionEvaluationReportLoggingListener - 

Error starting ApplicationContext. To display the conditions report re-run your application with 'debug' enabled.
2023-08-31 17:18:03.331 [] [main] ERROR org.springframework.boot.SpringApplication - Application run failed
org.springframework.beans.factory.UnsatisfiedDependencyException: Error creating bean with name 'userController': Unsatisfied dependency expressed through field 'userService'; nested exception is org.springframework.beans.factory.UnsatisfiedDependencyException: Error creating bean with name 'userServiceImpl': Unsatisfied dependency expressed through field 'baseMapper'; nested exception is org.springframework.beans.factory.UnsatisfiedDependencyException: Error creating bean with name 'userMapper' defined in file [D:\comptitionreal\seckillDemo\target\classes\com\example\seckilldemo\dao\UserMapper.class]: Unsatisfied dependency expressed through bean property 'sqlSessionFactory'; nested exception is org.springframework.beans.factory.BeanCreationException: Error creating bean with name 'sqlSessionFactory' defined in class path resource [com/baomidou/mybatisplus/autoconfigure/MybatisPlusAutoConfiguration.class]: Bean instantiation via factory method failed; nested exception is org.springframework.beans.BeanInstantiationException: Failed to instantiate [org.apache.ibatis.session.SqlSessionFactory]: Factory method 'sqlSessionFactory' threw exception; nested exception is org.springframework.core.NestedIOException: Failed to parse mapping resource: 'file [D:\comptitionreal\seckillDemo\target\classes\mybatis\base\ SeckillGoodsMapper.xml]'; nested exception is org.apache.ibatis.builder.BuilderException: Error parsing Mapper XML. The XML location is 'file [D:\comptitionreal\seckillDemo\target\classes\mybatis\base\ SeckillGoodsMapper.xml]'. Cause: org.apache.ibatis.builder.BuilderException: Error resolving class. Cause: org.apache.ibatis.type.TypeException: Could not resolve type alias 'com.example.seckilldemo.entity.po.Goods'.  Cause: java.lang.ClassNotFoundException: Cannot find class: com.example.seckilldemo.entity.po.Goods
	at org.springframework.beans.factory.annotation.AutowiredAnnotationBeanPostProcessor$AutowiredFieldElement.resolveFieldValue(AutowiredAnnotationBeanPostProcessor.java:660)
	at org.springframework.beans.factory.annotation.AutowiredAnnotationBeanPostProcessor$AutowiredFieldElement.inject(AutowiredAnnotationBeanPostProcessor.java:640)
	at org.springframework.beans.factory.annotation.InjectionMetadata.inject(InjectionMetadata.java:119)
	at org.springframework.beans.factory.annotation.AutowiredAnnotationBeanPostProcessor.postProcessProperties(AutowiredAnnotationBeanPostProcessor.java:399)
	at org.springframework.beans.factory.support.AbstractAutowireCapableBeanFactory.populateBean(AbstractAutowireCapableBeanFactory.java:1431)
	at org.springframework.beans.factory.support.AbstractAutowireCapableBeanFactory.doCreateBean(AbstractAutowireCapableBeanFactory.java:619)
	at org.springframework.beans.factory.support.AbstractAutowireCapableBeanFactory.createBean(AbstractAutowireCapableBeanFactory.java:542)
	at org.springframework.beans.factory.support.AbstractBeanFactory.lambda$doGetBean$0(AbstractBeanFactory.java:335)
	at org.springframework.beans.factory.support.DefaultSingletonBeanRegistry.getSingleton(DefaultSingletonBeanRegistry.java:234)
	at org.springframework.beans.factory.support.AbstractBeanFactory.doGetBean(AbstractBeanFactory.java:333)
	at org.springframework.beans.factory.support.AbstractBeanFactory.getBean(AbstractBeanFactory.java:208)
	at org.springframework.beans.factory.support.DefaultListableBeanFactory.preInstantiateSingletons(DefaultListableBeanFactory.java:955)
	at org.springframework.context.support.AbstractApplicationContext.finishBeanFactoryInitialization(AbstractApplicationContext.java:918)
	at org.springframework.context.support.AbstractApplicationContext.refresh(AbstractApplicationContext.java:583)
	at org.springframework.boot.web.servlet.context.ServletWebServerApplicationContext.refresh(ServletWebServerApplicationContext.java:147)
	at org.springframework.boot.SpringApplication.refresh(SpringApplication.java:731)
	at org.springframework.boot.SpringApplication.refreshContext(SpringApplication.java:408)
	at org.springframework.boot.SpringApplication.run(SpringApplication.java:307)
	at org.springframework.boot.SpringApplication.run(SpringApplication.java:1303)
	at org.springframework.boot.SpringApplication.run(SpringApplication.java:1292)
	at com.example.seckilldemo.SeckillDemoApplication.main(SeckillDemoApplication.java:15)
Caused by: org.springframework.beans.factory.UnsatisfiedDependencyException: Error creating bean with name 'userServiceImpl': Unsatisfied dependency expressed through field 'baseMapper'; nested exception is org.springframework.beans.factory.UnsatisfiedDependencyException: Error creating bean with name 'userMapper' defined in file [D:\comptitionreal\seckillDemo\target\classes\com\example\seckilldemo\dao\UserMapper.class]: Unsatisfied dependency expressed through bean property 'sqlSessionFactory'; nested exception is org.springframework.beans.factory.BeanCreationException: Error creating bean with name 'sqlSessionFactory' defined in class path resource [com/baomidou/mybatisplus/autoconfigure/MybatisPlusAutoConfiguration.class]: Bean instantiation via factory method failed; nested exception is org.springframework.beans.BeanInstantiationException: Failed to instantiate [org.apache.ibatis.session.SqlSessionFactory]: Factory method 'sqlSessionFactory' threw exception; nested exception is org.springframework.core.NestedIOException: Failed to parse mapping resource: 'file [D:\comptitionreal\seckillDemo\target\classes\mybatis\base\ SeckillGoodsMapper.xml]'; nested exception is org.apache.ibatis.builder.BuilderException: Error parsing Mapper XML. The XML location is 'file [D:\comptitionreal\seckillDemo\target\classes\mybatis\base\ SeckillGoodsMapper.xml]'. Cause: org.apache.ibatis.builder.BuilderException: Error resolving class. Cause: org.apache.ibatis.type.TypeException: Could not resolve type alias 'com.example.seckilldemo.entity.po.Goods'.  Cause: java.lang.ClassNotFoundException: Cannot find class: com.example.seckilldemo.entity.po.Goods
	at org.springframework.beans.factory.annotation.AutowiredAnnotationBeanPostProcessor$AutowiredFieldElement.resolveFieldValue(AutowiredAnnotationBeanPostProcessor.java:660)
	at org.springframework.beans.factory.annotation.AutowiredAnnotationBeanPostProcessor$AutowiredFieldElement.inject(AutowiredAnnotationBeanPostProcessor.java:640)
	at org.springframework.beans.factory.annotation.InjectionMetadata.inject(InjectionMetadata.java:119)
	at org.springframework.beans.factory.annotation.AutowiredAnnotationBeanPostProcessor.postProcessProperties(AutowiredAnnotationBeanPostProcessor.java:399)
	at org.springframework.beans.factory.support.AbstractAutowireCapableBeanFactory.populateBean(AbstractAutowireCapableBeanFactory.java:1431)
	at org.springframework.beans.factory.support.AbstractAutowireCapableBeanFactory.doCreateBean(AbstractAutowireCapableBeanFactory.java:619)
	at org.springframework.beans.factory.support.AbstractAutowireCapableBeanFactory.createBean(AbstractAutowireCapableBeanFactory.java:542)
	at org.springframework.beans.factory.support.AbstractBeanFactory.lambda$doGetBean$0(AbstractBeanFactory.java:335)
	at org.springframework.beans.factory.support.DefaultSingletonBeanRegistry.getSingleton(DefaultSingletonBeanRegistry.java:234)
	at org.springframework.beans.factory.support.AbstractBeanFactory.doGetBean(AbstractBeanFactory.java:333)
	at org.springframework.beans.factory.support.AbstractBeanFactory.getBean(AbstractBeanFactory.java:208)
	at org.springframework.beans.factory.config.DependencyDescriptor.resolveCandidate(DependencyDescriptor.java:276)
	at org.springframework.beans.factory.support.DefaultListableBeanFactory.doResolveDependency(DefaultListableBeanFactory.java:1391)
	at org.springframework.beans.factory.support.DefaultListableBeanFactory.resolveDependency(DefaultListableBeanFactory.java:1311)
	at org.springframework.beans.factory.annotation.AutowiredAnnotationBeanPostProcessor$AutowiredFieldElement.resolveFieldValue(AutowiredAnnotationBeanPostProcessor.java:657)
	... 20 common frames omitted
Caused by: org.springframework.beans.factory.UnsatisfiedDependencyException: Error creating bean with name 'userMapper' defined in file [D:\comptitionreal\seckillDemo\target\classes\com\example\seckilldemo\dao\UserMapper.class]: Unsatisfied dependency expressed through bean property 'sqlSessionFactory'; nested exception is org.springframework.beans.factory.BeanCreationException: Error creating bean with name 'sqlSessionFactory' defined in class path resource [com/baomidou/mybatisplus/autoconfigure/MybatisPlusAutoConfiguration.class]: Bean instantiation via factory method failed; nested exception is org.springframework.beans.BeanInstantiationException: Failed to instantiate [org.apache.ibatis.session.SqlSessionFactory]: Factory method 'sqlSessionFactory' threw exception; nested exception is org.springframework.core.NestedIOException: Failed to parse mapping resource: 'file [D:\comptitionreal\seckillDemo\target\classes\mybatis\base\ SeckillGoodsMapper.xml]'; nested exception is org.apache.ibatis.builder.BuilderException: Error parsing Mapper XML. The XML location is 'file [D:\comptitionreal\seckillDemo\target\classes\mybatis\base\ SeckillGoodsMapper.xml]'. Cause: org.apache.ibatis.builder.BuilderException: Error resolving class. Cause: org.apache.ibatis.type.TypeException: Could not resolve type alias 'com.example.seckilldemo.entity.po.Goods'.  Cause: java.lang.ClassNotFoundException: Cannot find class: com.example.seckilldemo.entity.po.Goods
	at org.springframework.beans.factory.support.AbstractAutowireCapableBeanFactory.autowireByType(AbstractAutowireCapableBeanFactory.java:1534)
	at org.springframework.beans.factory.support.AbstractAutowireCapableBeanFactory.populateBean(AbstractAutowireCapableBeanFactory.java:1417)
	at org.springframework.beans.factory.support.AbstractAutowireCapableBeanFactory.doCreateBean(AbstractAutowireCapableBeanFactory.java:619)
	at org.springframework.beans.factory.support.AbstractAutowireCapableBeanFactory.createBean(AbstractAutowireCapableBeanFactory.java:542)
	at org.springframework.beans.factory.support.AbstractBeanFactory.lambda$doGetBean$0(AbstractBeanFactory.java:335)
	at org.springframework.beans.factory.support.DefaultSingletonBeanRegistry.getSingleton(DefaultSingletonBeanRegistry.java:234)
	at org.springframework.beans.factory.support.AbstractBeanFactory.doGetBean(AbstractBeanFactory.java:333)
	at org.springframework.beans.factory.support.AbstractBeanFactory.getBean(AbstractBeanFactory.java:208)
	at org.springframework.beans.factory.config.DependencyDescriptor.resolveCandidate(DependencyDescriptor.java:276)
	at org.springframework.beans.factory.support.DefaultListableBeanFactory.doResolveDependency(DefaultListableBeanFactory.java:1391)
	at org.springframework.beans.factory.support.DefaultListableBeanFactory.resolveDependency(DefaultListableBeanFactory.java:1311)
	at org.springframework.beans.factory.annotation.AutowiredAnnotationBeanPostProcessor$AutowiredFieldElement.resolveFieldValue(AutowiredAnnotationBeanPostProcessor.java:657)
	... 34 common frames omitted
Caused by: org.springframework.beans.factory.BeanCreationException: Error creating bean with name 'sqlSessionFactory' defined in class path resource [com/baomidou/mybatisplus/autoconfigure/MybatisPlusAutoConfiguration.class]: Bean instantiation via factory method failed; nested exception is org.springframework.beans.BeanInstantiationException: Failed to instantiate [org.apache.ibatis.session.SqlSessionFactory]: Factory method 'sqlSessionFactory' threw exception; nested exception is org.springframework.core.NestedIOException: Failed to parse mapping resource: 'file [D:\comptitionreal\seckillDemo\target\classes\mybatis\base\ SeckillGoodsMapper.xml]'; nested exception is org.apache.ibatis.builder.BuilderException: Error parsing Mapper XML. The XML location is 'file [D:\comptitionreal\seckillDemo\target\classes\mybatis\base\ SeckillGoodsMapper.xml]'. Cause: org.apache.ibatis.builder.BuilderException: Error resolving class. Cause: org.apache.ibatis.type.TypeException: Could not resolve type alias 'com.example.seckilldemo.entity.po.Goods'.  Cause: java.lang.ClassNotFoundException: Cannot find class: com.example.seckilldemo.entity.po.Goods
	at org.springframework.beans.factory.support.ConstructorResolver.instantiate(ConstructorResolver.java:658)
	at org.springframework.beans.factory.support.ConstructorResolver.instantiateUsingFactoryMethod(ConstructorResolver.java:638)
	at org.springframework.beans.factory.support.AbstractAutowireCapableBeanFactory.instantiateUsingFactoryMethod(AbstractAutowireCapableBeanFactory.java:1352)
	at org.springframework.beans.factory.support.AbstractAutowireCapableBeanFactory.createBeanInstance(AbstractAutowireCapableBeanFactory.java:1195)
	at org.springframework.beans.factory.support.AbstractAutowireCapableBeanFactory.doCreateBean(AbstractAutowireCapableBeanFactory.java:582)
	at org.springframework.beans.factory.support.AbstractAutowireCapableBeanFactory.createBean(AbstractAutowireCapableBeanFactory.java:542)
	at org.springframework.beans.factory.support.AbstractBeanFactory.lambda$doGetBean$0(AbstractBeanFactory.java:335)
	at org.springframework.beans.factory.support.DefaultSingletonBeanRegistry.getSingleton(DefaultSingletonBeanRegistry.java:234)
	at org.springframework.beans.factory.support.AbstractBeanFactory.doGetBean(AbstractBeanFactory.java:333)
	at org.springframework.beans.factory.support.AbstractBeanFactory.getBean(AbstractBeanFactory.java:208)
	at org.springframework.beans.factory.config.DependencyDescriptor.resolveCandidate(DependencyDescriptor.java:276)
	at org.springframework.beans.factory.support.DefaultListableBeanFactory.doResolveDependency(DefaultListableBeanFactory.java:1391)
	at org.springframework.beans.factory.support.DefaultListableBeanFactory.resolveDependency(DefaultListableBeanFactory.java:1311)
	at org.springframework.beans.factory.support.AbstractAutowireCapableBeanFactory.autowireByType(AbstractAutowireCapableBeanFactory.java:1519)
	... 45 common frames omitted
Caused by: org.springframework.beans.BeanInstantiationException: Failed to instantiate [org.apache.ibatis.session.SqlSessionFactory]: Factory method 'sqlSessionFactory' threw exception; nested exception is org.springframework.core.NestedIOException: Failed to parse mapping resource: 'file [D:\comptitionreal\seckillDemo\target\classes\mybatis\base\ SeckillGoodsMapper.xml]'; nested exception is org.apache.ibatis.builder.BuilderException: Error parsing Mapper XML. The XML location is 'file [D:\comptitionreal\seckillDemo\target\classes\mybatis\base\ SeckillGoodsMapper.xml]'. Cause: org.apache.ibatis.builder.BuilderException: Error resolving class. Cause: org.apache.ibatis.type.TypeException: Could not resolve type alias 'com.example.seckilldemo.entity.po.Goods'.  Cause: java.lang.ClassNotFoundException: Cannot find class: com.example.seckilldemo.entity.po.Goods
	at org.springframework.beans.factory.support.SimpleInstantiationStrategy.instantiate(SimpleInstantiationStrategy.java:185)
	at org.springframework.beans.factory.support.ConstructorResolver.instantiate(ConstructorResolver.java:653)
	... 58 common frames omitted
Caused by: org.springframework.core.NestedIOException: Failed to parse mapping resource: 'file [D:\comptitionreal\seckillDemo\target\classes\mybatis\base\ SeckillGoodsMapper.xml]'; nested exception is org.apache.ibatis.builder.BuilderException: Error parsing Mapper XML. The XML location is 'file [D:\comptitionreal\seckillDemo\target\classes\mybatis\base\ SeckillGoodsMapper.xml]'. Cause: org.apache.ibatis.builder.BuilderException: Error resolving class. Cause: org.apache.ibatis.type.TypeException: Could not resolve type alias 'com.example.seckilldemo.entity.po.Goods'.  Cause: java.lang.ClassNotFoundException: Cannot find class: com.example.seckilldemo.entity.po.Goods
	at com.baomidou.mybatisplus.extension.spring.MybatisSqlSessionFactoryBean.buildSqlSessionFactory(MybatisSqlSessionFactoryBean.java:562)
	at com.baomidou.mybatisplus.extension.spring.MybatisSqlSessionFactoryBean.afterPropertiesSet(MybatisSqlSessionFactoryBean.java:433)
	at com.baomidou.mybatisplus.extension.spring.MybatisSqlSessionFactoryBean.getObject(MybatisSqlSessionFactoryBean.java:628)
	at com.baomidou.mybatisplus.autoconfigure.MybatisPlusAutoConfiguration.sqlSessionFactory(MybatisPlusAutoConfiguration.java:219)
	at sun.reflect.NativeMethodAccessorImpl.invoke0(Native Method)
	at sun.reflect.NativeMethodAccessorImpl.invoke(NativeMethodAccessorImpl.java:62)
	at sun.reflect.DelegatingMethodAccessorImpl.invoke(DelegatingMethodAccessorImpl.java:43)
	at java.lang.reflect.Method.invoke(Method.java:498)
	at org.springframework.beans.factory.support.SimpleInstantiationStrategy.instantiate(SimpleInstantiationStrategy.java:154)
	... 59 common frames omitted
Caused by: org.apache.ibatis.builder.BuilderException: Error parsing Mapper XML. The XML location is 'file [D:\comptitionreal\seckillDemo\target\classes\mybatis\base\ SeckillGoodsMapper.xml]'. Cause: org.apache.ibatis.builder.BuilderException: Error resolving class. Cause: org.apache.ibatis.type.TypeException: Could not resolve type alias 'com.example.seckilldemo.entity.po.Goods'.  Cause: java.lang.ClassNotFoundException: Cannot find class: com.example.seckilldemo.entity.po.Goods
	at org.apache.ibatis.builder.xml.XMLMapperBuilder.configurationElement(XMLMapperBuilder.java:123)
	at org.apache.ibatis.builder.xml.XMLMapperBuilder.parse(XMLMapperBuilder.java:95)
	at com.baomidou.mybatisplus.extension.spring.MybatisSqlSessionFactoryBean.buildSqlSessionFactory(MybatisSqlSessionFactoryBean.java:560)
	... 67 common frames omitted
Caused by: org.apache.ibatis.builder.BuilderException: Error resolving class. Cause: org.apache.ibatis.type.TypeException: Could not resolve type alias 'com.example.seckilldemo.entity.po.Goods'.  Cause: java.lang.ClassNotFoundException: Cannot find class: com.example.seckilldemo.entity.po.Goods
	at org.apache.ibatis.builder.BaseBuilder.resolveClass(BaseBuilder.java:118)
	at org.apache.ibatis.builder.xml.XMLStatementBuilder.parseStatementNode(XMLStatementBuilder.java:102)
	at org.apache.ibatis.builder.xml.XMLMapperBuilder.buildStatementFromContext(XMLMapperBuilder.java:138)
	at org.apache.ibatis.builder.xml.XMLMapperBuilder.buildStatementFromContext(XMLMapperBuilder.java:131)
	at org.apache.ibatis.builder.xml.XMLMapperBuilder.configurationElement(XMLMapperBuilder.java:121)
	... 69 common frames omitted
Caused by: org.apache.ibatis.type.TypeException: Could not resolve type alias 'com.example.seckilldemo.entity.po.Goods'.  Cause: java.lang.ClassNotFoundException: Cannot find class: com.example.seckilldemo.entity.po.Goods
	at org.apache.ibatis.type.TypeAliasRegistry.resolveAlias(TypeAliasRegistry.java:120)
	at org.apache.ibatis.builder.BaseBuilder.resolveAlias(BaseBuilder.java:149)
	at org.apache.ibatis.builder.BaseBuilder.resolveClass(BaseBuilder.java:116)
	... 73 common frames omitted
Caused by: java.lang.ClassNotFoundException: Cannot find class: com.example.seckilldemo.entity.po.Goods
	at org.apache.ibatis.io.ClassLoaderWrapper.classForName(ClassLoaderWrapper.java:196)
	at org.apache.ibatis.io.ClassLoaderWrapper.classForName(ClassLoaderWrapper.java:89)
	at org.apache.ibatis.io.Resources.classForName(Resources.java:261)
	at org.apache.ibatis.type.TypeAliasRegistry.resolveAlias(TypeAliasRegistry.java:116)
	... 75 common frames omitted
2023-08-31 17:19:05.144 [] [background-preinit] INFO  org.hibernate.validator.internal.util.Version - HV000001: Hibernate Validator 6.2.5.Final
2023-08-31 17:19:05.143 [] [main] INFO  com.example.seckilldemo.SeckillDemoApplication - Starting SeckillDemoApplication using Java 1.8.0_221 on DESKTOP-IOSI537 with PID 33904 (D:\comptitionreal\seckillDemo\target\classes started by admin in D:\comptitionreal\seckillDemo)
2023-08-31 17:19:05.146 [] [main] INFO  com.example.seckilldemo.SeckillDemoApplication - The following 1 profile is active: "dev"
2023-08-31 17:19:06.636 [] [main] INFO  o.s.d.r.config.RepositoryConfigurationDelegate - Multiple Spring Data modules found, entering strict repository configuration mode
2023-08-31 17:19:06.639 [] [main] INFO  o.s.d.r.config.RepositoryConfigurationDelegate - Bootstrapping Spring Data Redis repositories in DEFAULT mode.
2023-08-31 17:19:06.671 [] [main] INFO  o.s.d.r.config.RepositoryConfigurationDelegate - Finished Spring Data repository scanning in 15 ms. Found 0 Redis repository interfaces.
2023-08-31 17:19:07.458 [] [main] INFO  o.s.boot.web.embedded.tomcat.TomcatWebServer - Tomcat initialized with port(s): 8082 (http)
2023-08-31 17:19:07.468 [] [main] INFO  org.apache.coyote.http11.Http11NioProtocol - Initializing ProtocolHandler ["http-nio-8082"]
2023-08-31 17:19:07.469 [] [main] INFO  org.apache.catalina.core.StandardService - Starting service [Tomcat]
2023-08-31 17:19:07.469 [] [main] INFO  org.apache.catalina.core.StandardEngine - Starting Servlet engine: [Apache Tomcat/9.0.70]
2023-08-31 17:19:07.650 [] [main] INFO  o.a.c.core.ContainerBase.[Tomcat].[localhost].[/] - Initializing Spring embedded WebApplicationContext
2023-08-31 17:19:07.650 [] [main] INFO  o.s.b.w.s.c.ServletWebServerApplicationContext - Root WebApplicationContext: initialization completed in 2410 ms
2023-08-31 17:19:07.948 [] [main] INFO  com.example.seckilldemo.config.ThreadConfig - dms配置：ThreadConfig(threadCorePoolSize=100, threadMaxPoolSize=200, threadQueueCapacity=99999)
2023-08-31 17:19:08.056 [] [main] INFO  c.a.d.s.b.a.DruidDataSourceAutoConfigure - Init DruidDataSource
2023-08-31 17:19:08.371 [] [main] INFO  com.alibaba.druid.pool.DruidDataSource - {dataSource-1} inited
2023-08-31 17:19:08.654 [] [main] WARN  c.b.mybatisplus.core.metadata.TableInfoHelper - This primary key of "id" is primitive !不建议如此请使用包装类 in Class: "com.example.seckilldemo.entity.po.Account"
2023-08-31 17:19:10.205 [] [main] INFO  s.d.s.w.WebMvcPropertySourcedRequestMappingHandlerMapping - Mapped URL path [/v2/api-docs] onto method [springfox.documentation.swagger2.web.Swagger2ControllerWebMvc#getDocumentation(String, HttpServletRequest)]
2023-08-31 17:19:10.214 [] [main] INFO  o.s.security.web.DefaultSecurityFilterChain - Will secure any request with [org.springframework.security.web.session.DisableEncodeUrlFilter@1ce6a9bd, org.springframework.security.web.context.request.async.WebAsyncManagerIntegrationFilter@4a47bc9c, org.springframework.security.web.context.SecurityContextPersistenceFilter@399c408c, org.springframework.security.web.header.HeaderWriterFilter@45cb5307, org.springframework.web.filter.CorsFilter@5100c143, org.springframework.security.web.authentication.logout.LogoutFilter@6f80cf5, org.springframework.security.web.authentication.UsernamePasswordAuthenticationFilter@46fa2a7e, org.springframework.security.web.savedrequest.RequestCacheAwareFilter@4a5fab78, org.springframework.security.web.servletapi.SecurityContextHolderAwareRequestFilter@77a85e76, org.springframework.security.web.authentication.AnonymousAuthenticationFilter@12404f9d, org.springframework.security.web.session.SessionManagementFilter@50ac1249, org.springframework.security.web.access.ExceptionTranslationFilter@4910afdf, org.springframework.security.web.access.intercept.FilterSecurityInterceptor@68360fb9]
2023-08-31 17:19:11.250 [] [main] INFO  org.apache.coyote.http11.Http11NioProtocol - Starting ProtocolHandler ["http-nio-8082"]
2023-08-31 17:19:11.461 [] [main] INFO  o.s.boot.web.embedded.tomcat.TomcatWebServer - Tomcat started on port(s): 8082 (http) with context path ''
2023-08-31 17:19:11.465 [] [main] INFO  s.d.s.web.plugins.DocumentationPluginsBootstrapper - Documentation plugins bootstrapped
2023-08-31 17:19:11.469 [] [main] INFO  s.d.s.web.plugins.DocumentationPluginsBootstrapper - Found 1 custom documentation plugin(s)
2023-08-31 17:19:11.506 [] [main] INFO  s.d.spring.web.scanners.ApiListingReferenceScanner - Scanning for api listing references
2023-08-31 17:19:11.615 [] [main] INFO  s.d.s.w.r.operation.CachingOperationNameGenerator - Generating unique operation named: findAccountDetailUsingGET_1
2023-08-31 17:19:11.618 [] [main] INFO  s.d.s.w.r.operation.CachingOperationNameGenerator - Generating unique operation named: findAccountDetailUsingHEAD_1
2023-08-31 17:19:11.619 [] [main] INFO  s.d.s.w.r.operation.CachingOperationNameGenerator - Generating unique operation named: findAccountDetailUsingPOST_1
2023-08-31 17:19:11.621 [] [main] INFO  s.d.s.w.r.operation.CachingOperationNameGenerator - Generating unique operation named: findAccountDetailUsingPUT_1
2023-08-31 17:19:11.622 [] [main] INFO  s.d.s.w.r.operation.CachingOperationNameGenerator - Generating unique operation named: findAccountDetailUsingPATCH_1
2023-08-31 17:19:11.624 [] [main] INFO  s.d.s.w.r.operation.CachingOperationNameGenerator - Generating unique operation named: findAccountDetailUsingDELETE_1
2023-08-31 17:19:11.625 [] [main] INFO  s.d.s.w.r.operation.CachingOperationNameGenerator - Generating unique operation named: findAccountDetailUsingOPTIONS_1
2023-08-31 17:19:11.627 [] [main] INFO  s.d.s.w.r.operation.CachingOperationNameGenerator - Generating unique operation named: findAccountDetailUsingTRACE_1
2023-08-31 17:19:11.672 [] [main] INFO  s.d.s.w.r.operation.CachingOperationNameGenerator - Generating unique operation named: findAccountPageUsingGET_1
2023-08-31 17:19:11.676 [] [main] INFO  s.d.s.w.r.operation.CachingOperationNameGenerator - Generating unique operation named: findAccountPageUsingHEAD_1
2023-08-31 17:19:11.681 [] [main] INFO  s.d.s.w.r.operation.CachingOperationNameGenerator - Generating unique operation named: findAccountPageUsingPOST_1
2023-08-31 17:19:11.685 [] [main] INFO  s.d.s.w.r.operation.CachingOperationNameGenerator - Generating unique operation named: findAccountPageUsingPUT_1
2023-08-31 17:19:11.689 [] [main] INFO  s.d.s.w.r.operation.CachingOperationNameGenerator - Generating unique operation named: findAccountPageUsingPATCH_1
2023-08-31 17:19:11.692 [] [main] INFO  s.d.s.w.r.operation.CachingOperationNameGenerator - Generating unique operation named: findAccountPageUsingDELETE_1
2023-08-31 17:19:11.696 [] [main] INFO  s.d.s.w.r.operation.CachingOperationNameGenerator - Generating unique operation named: findAccountPageUsingOPTIONS_1
2023-08-31 17:19:11.699 [] [main] INFO  s.d.s.w.r.operation.CachingOperationNameGenerator - Generating unique operation named: findAccountPageUsingTRACE_1
2023-08-31 17:19:11.708 [] [main] INFO  s.d.s.w.r.operation.CachingOperationNameGenerator - Generating unique operation named: indexUsingGET_1
2023-08-31 17:19:11.708 [] [main] INFO  s.d.s.w.r.operation.CachingOperationNameGenerator - Generating unique operation named: indexUsingHEAD_1
2023-08-31 17:19:11.709 [] [main] INFO  s.d.s.w.r.operation.CachingOperationNameGenerator - Generating unique operation named: indexUsingPOST_1
2023-08-31 17:19:11.710 [] [main] INFO  s.d.s.w.r.operation.CachingOperationNameGenerator - Generating unique operation named: indexUsingPUT_1
2023-08-31 17:19:11.711 [] [main] INFO  s.d.s.w.r.operation.CachingOperationNameGenerator - Generating unique operation named: indexUsingPATCH_1
2023-08-31 17:19:11.712 [] [main] INFO  s.d.s.w.r.operation.CachingOperationNameGenerator - Generating unique operation named: indexUsingDELETE_1
2023-08-31 17:19:11.712 [] [main] INFO  s.d.s.w.r.operation.CachingOperationNameGenerator - Generating unique operation named: indexUsingOPTIONS_1
2023-08-31 17:19:11.713 [] [main] INFO  s.d.s.w.r.operation.CachingOperationNameGenerator - Generating unique operation named: indexUsingTRACE_1
2023-08-31 17:19:11.714 [] [main] INFO  s.d.s.w.r.operation.CachingOperationNameGenerator - Generating unique operation named: loginUsingGET_1
2023-08-31 17:19:11.715 [] [main] INFO  s.d.s.w.r.operation.CachingOperationNameGenerator - Generating unique operation named: loginUsingHEAD_1
2023-08-31 17:19:11.716 [] [main] INFO  s.d.s.w.r.operation.CachingOperationNameGenerator - Generating unique operation named: loginUsingPOST_1
2023-08-31 17:19:11.716 [] [main] INFO  s.d.s.w.r.operation.CachingOperationNameGenerator - Generating unique operation named: loginUsingPUT_1
2023-08-31 17:19:11.717 [] [main] INFO  s.d.s.w.r.operation.CachingOperationNameGenerator - Generating unique operation named: loginUsingPATCH_1
2023-08-31 17:19:11.718 [] [main] INFO  s.d.s.w.r.operation.CachingOperationNameGenerator - Generating unique operation named: loginUsingDELETE_1
2023-08-31 17:19:11.719 [] [main] INFO  s.d.s.w.r.operation.CachingOperationNameGenerator - Generating unique operation named: loginUsingOPTIONS_1
2023-08-31 17:19:11.719 [] [main] INFO  s.d.s.w.r.operation.CachingOperationNameGenerator - Generating unique operation named: loginUsingTRACE_1
2023-08-31 17:19:11.724 [] [main] INFO  s.d.s.w.r.operation.CachingOperationNameGenerator - Generating unique operation named: cancleOrderUsingGET_1
2023-08-31 17:19:11.726 [] [main] INFO  s.d.s.w.r.operation.CachingOperationNameGenerator - Generating unique operation named: cancleOrderUsingHEAD_1
2023-08-31 17:19:11.728 [] [main] INFO  s.d.s.w.r.operation.CachingOperationNameGenerator - Generating unique operation named: cancleOrderUsingPOST_1
2023-08-31 17:19:11.730 [] [main] INFO  s.d.s.w.r.operation.CachingOperationNameGenerator - Generating unique operation named: cancleOrderUsingPUT_1
2023-08-31 17:19:11.732 [] [main] INFO  s.d.s.w.r.operation.CachingOperationNameGenerator - Generating unique operation named: cancleOrderUsingPATCH_1
2023-08-31 17:19:11.734 [] [main] INFO  s.d.s.w.r.operation.CachingOperationNameGenerator - Generating unique operation named: cancleOrderUsingDELETE_1
2023-08-31 17:19:11.736 [] [main] INFO  s.d.s.w.r.operation.CachingOperationNameGenerator - Generating unique operation named: cancleOrderUsingOPTIONS_1
2023-08-31 17:19:11.738 [] [main] INFO  s.d.s.w.r.operation.CachingOperationNameGenerator - Generating unique operation named: cancleOrderUsingTRACE_1
2023-08-31 17:19:11.740 [] [main] INFO  s.d.s.w.r.operation.CachingOperationNameGenerator - Generating unique operation named: completeUsingGET_1
2023-08-31 17:19:11.741 [] [main] INFO  s.d.s.w.r.operation.CachingOperationNameGenerator - Generating unique operation named: completeUsingHEAD_1
2023-08-31 17:19:11.743 [] [main] INFO  s.d.s.w.r.operation.CachingOperationNameGenerator - Generating unique operation named: completeUsingPOST_1
2023-08-31 17:19:11.745 [] [main] INFO  s.d.s.w.r.operation.CachingOperationNameGenerator - Generating unique operation named: completeUsingPUT_1
2023-08-31 17:19:11.746 [] [main] INFO  s.d.s.w.r.operation.CachingOperationNameGenerator - Generating unique operation named: completeUsingPATCH_1
2023-08-31 17:19:11.748 [] [main] INFO  s.d.s.w.r.operation.CachingOperationNameGenerator - Generating unique operation named: completeUsingDELETE_1
2023-08-31 17:19:11.749 [] [main] INFO  s.d.s.w.r.operation.CachingOperationNameGenerator - Generating unique operation named: completeUsingOPTIONS_1
2023-08-31 17:19:11.751 [] [main] INFO  s.d.s.w.r.operation.CachingOperationNameGenerator - Generating unique operation named: completeUsingTRACE_1
2023-08-31 17:19:11.753 [] [main] INFO  s.d.s.w.r.operation.CachingOperationNameGenerator - Generating unique operation named: delOrderUsingGET_1
2023-08-31 17:19:11.754 [] [main] INFO  s.d.s.w.r.operation.CachingOperationNameGenerator - Generating unique operation named: delOrderUsingHEAD_1
2023-08-31 17:19:11.756 [] [main] INFO  s.d.s.w.r.operation.CachingOperationNameGenerator - Generating unique operation named: delOrderUsingPOST_1
2023-08-31 17:19:11.757 [] [main] INFO  s.d.s.w.r.operation.CachingOperationNameGenerator - Generating unique operation named: delOrderUsingPUT_1
2023-08-31 17:19:11.759 [] [main] INFO  s.d.s.w.r.operation.CachingOperationNameGenerator - Generating unique operation named: delOrderUsingPATCH_1
2023-08-31 17:19:11.761 [] [main] INFO  s.d.s.w.r.operation.CachingOperationNameGenerator - Generating unique operation named: delOrderUsingDELETE_1
2023-08-31 17:19:11.762 [] [main] INFO  s.d.s.w.r.operation.CachingOperationNameGenerator - Generating unique operation named: delOrderUsingOPTIONS_1
2023-08-31 17:19:11.763 [] [main] INFO  s.d.s.w.r.operation.CachingOperationNameGenerator - Generating unique operation named: delOrderUsingTRACE_1
2023-08-31 17:19:11.766 [] [main] INFO  s.d.s.w.r.operation.CachingOperationNameGenerator - Generating unique operation named: payOrderUsingGET_1
2023-08-31 17:19:11.767 [] [main] INFO  s.d.s.w.r.operation.CachingOperationNameGenerator - Generating unique operation named: payOrderUsingHEAD_1
2023-08-31 17:19:11.769 [] [main] INFO  s.d.s.w.r.operation.CachingOperationNameGenerator - Generating unique operation named: payOrderUsingPOST_1
2023-08-31 17:19:11.770 [] [main] INFO  s.d.s.w.r.operation.CachingOperationNameGenerator - Generating unique operation named: payOrderUsingPUT_1
2023-08-31 17:19:11.772 [] [main] INFO  s.d.s.w.r.operation.CachingOperationNameGenerator - Generating unique operation named: payOrderUsingPATCH_1
2023-08-31 17:19:11.773 [] [main] INFO  s.d.s.w.r.operation.CachingOperationNameGenerator - Generating unique operation named: payOrderUsingDELETE_1
2023-08-31 17:19:11.775 [] [main] INFO  s.d.s.w.r.operation.CachingOperationNameGenerator - Generating unique operation named: payOrderUsingOPTIONS_1
2023-08-31 17:19:11.776 [] [main] INFO  s.d.s.w.r.operation.CachingOperationNameGenerator - Generating unique operation named: payOrderUsingTRACE_1
2023-08-31 17:19:11.778 [] [main] INFO  s.d.s.w.r.operation.CachingOperationNameGenerator - Generating unique operation named: receiptUsingGET_1
2023-08-31 17:19:11.780 [] [main] INFO  s.d.s.w.r.operation.CachingOperationNameGenerator - Generating unique operation named: receiptUsingHEAD_1
2023-08-31 17:19:11.781 [] [main] INFO  s.d.s.w.r.operation.CachingOperationNameGenerator - Generating unique operation named: receiptUsingPOST_1
2023-08-31 17:19:11.782 [] [main] INFO  s.d.s.w.r.operation.CachingOperationNameGenerator - Generating unique operation named: receiptUsingPUT_1
2023-08-31 17:19:11.784 [] [main] INFO  s.d.s.w.r.operation.CachingOperationNameGenerator - Generating unique operation named: receiptUsingPATCH_1
2023-08-31 17:19:11.785 [] [main] INFO  s.d.s.w.r.operation.CachingOperationNameGenerator - Generating unique operation named: receiptUsingDELETE_1
2023-08-31 17:19:11.786 [] [main] INFO  s.d.s.w.r.operation.CachingOperationNameGenerator - Generating unique operation named: receiptUsingOPTIONS_1
2023-08-31 17:19:11.787 [] [main] INFO  s.d.s.w.r.operation.CachingOperationNameGenerator - Generating unique operation named: receiptUsingTRACE_1
2023-08-31 17:19:11.789 [] [main] INFO  s.d.s.w.r.operation.CachingOperationNameGenerator - Generating unique operation named: retuenGoodsUsingGET_1
2023-08-31 17:19:11.791 [] [main] INFO  s.d.s.w.r.operation.CachingOperationNameGenerator - Generating unique operation named: retuenGoodsUsingHEAD_1
2023-08-31 17:19:11.792 [] [main] INFO  s.d.s.w.r.operation.CachingOperationNameGenerator - Generating unique operation named: retuenGoodsUsingPOST_1
2023-08-31 17:19:11.793 [] [main] INFO  s.d.s.w.r.operation.CachingOperationNameGenerator - Generating unique operation named: retuenGoodsUsingPUT_1
2023-08-31 17:19:11.794 [] [main] INFO  s.d.s.w.r.operation.CachingOperationNameGenerator - Generating unique operation named: retuenGoodsUsingPATCH_1
2023-08-31 17:19:11.795 [] [main] INFO  s.d.s.w.r.operation.CachingOperationNameGenerator - Generating unique operation named: retuenGoodsUsingDELETE_1
2023-08-31 17:19:11.796 [] [main] INFO  s.d.s.w.r.operation.CachingOperationNameGenerator - Generating unique operation named: retuenGoodsUsingOPTIONS_1
2023-08-31 17:19:11.798 [] [main] INFO  s.d.s.w.r.operation.CachingOperationNameGenerator - Generating unique operation named: retuenGoodsUsingTRACE_1
2023-08-31 17:19:11.801 [] [main] INFO  s.d.s.w.r.operation.CachingOperationNameGenerator - Generating unique operation named: seckillOrderUsingGET_1
2023-08-31 17:19:11.802 [] [main] INFO  s.d.s.w.r.operation.CachingOperationNameGenerator - Generating unique operation named: seckillOrderUsingHEAD_1
2023-08-31 17:19:11.803 [] [main] INFO  s.d.s.w.r.operation.CachingOperationNameGenerator - Generating unique operation named: seckillOrderUsingPOST_1
2023-08-31 17:19:11.804 [] [main] INFO  s.d.s.w.r.operation.CachingOperationNameGenerator - Generating unique operation named: seckillOrderUsingPUT_1
2023-08-31 17:19:11.805 [] [main] INFO  s.d.s.w.r.operation.CachingOperationNameGenerator - Generating unique operation named: seckillOrderUsingPATCH_1
2023-08-31 17:19:11.806 [] [main] INFO  s.d.s.w.r.operation.CachingOperationNameGenerator - Generating unique operation named: seckillOrderUsingDELETE_1
2023-08-31 17:19:11.807 [] [main] INFO  s.d.s.w.r.operation.CachingOperationNameGenerator - Generating unique operation named: seckillOrderUsingOPTIONS_1
2023-08-31 17:19:11.808 [] [main] INFO  s.d.s.w.r.operation.CachingOperationNameGenerator - Generating unique operation named: seckillOrderUsingTRACE_1
2023-08-31 17:19:11.810 [] [main] INFO  s.d.s.w.r.operation.CachingOperationNameGenerator - Generating unique operation named: shippedUsingGET_1
2023-08-31 17:19:11.811 [] [main] INFO  s.d.s.w.r.operation.CachingOperationNameGenerator - Generating unique operation named: shippedUsingHEAD_1
2023-08-31 17:19:11.811 [] [main] INFO  s.d.s.w.r.operation.CachingOperationNameGenerator - Generating unique operation named: shippedUsingPOST_1
2023-08-31 17:19:11.812 [] [main] INFO  s.d.s.w.r.operation.CachingOperationNameGenerator - Generating unique operation named: shippedUsingPUT_1
2023-08-31 17:19:11.813 [] [main] INFO  s.d.s.w.r.operation.CachingOperationNameGenerator - Generating unique operation named: shippedUsingPATCH_1
2023-08-31 17:19:11.814 [] [main] INFO  s.d.s.w.r.operation.CachingOperationNameGenerator - Generating unique operation named: shippedUsingDELETE_1
2023-08-31 17:19:11.815 [] [main] INFO  s.d.s.w.r.operation.CachingOperationNameGenerator - Generating unique operation named: shippedUsingOPTIONS_1
2023-08-31 17:19:11.816 [] [main] INFO  s.d.s.w.r.operation.CachingOperationNameGenerator - Generating unique operation named: shippedUsingTRACE_1
2023-08-31 17:19:11.818 [] [main] INFO  s.d.s.w.r.operation.CachingOperationNameGenerator - Generating unique operation named: init1UsingGET_1
2023-08-31 17:19:11.818 [] [main] INFO  s.d.s.w.r.operation.CachingOperationNameGenerator - Generating unique operation named: init1UsingHEAD_1
2023-08-31 17:19:11.819 [] [main] INFO  s.d.s.w.r.operation.CachingOperationNameGenerator - Generating unique operation named: init1UsingPOST_1
2023-08-31 17:19:11.820 [] [main] INFO  s.d.s.w.r.operation.CachingOperationNameGenerator - Generating unique operation named: init1UsingPUT_1
2023-08-31 17:19:11.821 [] [main] INFO  s.d.s.w.r.operation.CachingOperationNameGenerator - Generating unique operation named: init1UsingPATCH_1
2023-08-31 17:19:11.822 [] [main] INFO  s.d.s.w.r.operation.CachingOperationNameGenerator - Generating unique operation named: init1UsingDELETE_1
2023-08-31 17:19:11.823 [] [main] INFO  s.d.s.w.r.operation.CachingOperationNameGenerator - Generating unique operation named: init1UsingOPTIONS_1
2023-08-31 17:19:11.824 [] [main] INFO  s.d.s.w.r.operation.CachingOperationNameGenerator - Generating unique operation named: init1UsingTRACE_1
2023-08-31 17:19:11.828 [] [main] INFO  s.d.s.w.r.operation.CachingOperationNameGenerator - Generating unique operation named: deleteUsingPOST_1
2023-08-31 17:19:11.830 [] [main] INFO  s.d.s.w.r.operation.CachingOperationNameGenerator - Generating unique operation named: doEditUsingGET_1
2023-08-31 17:19:11.831 [] [main] INFO  s.d.s.w.r.operation.CachingOperationNameGenerator - Generating unique operation named: doEditUsingHEAD_1
2023-08-31 17:19:11.832 [] [main] INFO  s.d.s.w.r.operation.CachingOperationNameGenerator - Generating unique operation named: doEditUsingPOST_1
2023-08-31 17:19:11.833 [] [main] INFO  s.d.s.w.r.operation.CachingOperationNameGenerator - Generating unique operation named: doEditUsingPUT_1
2023-08-31 17:19:11.834 [] [main] INFO  s.d.s.w.r.operation.CachingOperationNameGenerator - Generating unique operation named: doEditUsingPATCH_1
2023-08-31 17:19:11.835 [] [main] INFO  s.d.s.w.r.operation.CachingOperationNameGenerator - Generating unique operation named: doEditUsingDELETE_1
2023-08-31 17:19:11.836 [] [main] INFO  s.d.s.w.r.operation.CachingOperationNameGenerator - Generating unique operation named: doEditUsingOPTIONS_1
2023-08-31 17:19:11.836 [] [main] INFO  s.d.s.w.r.operation.CachingOperationNameGenerator - Generating unique operation named: doEditUsingTRACE_1
2023-08-31 17:19:11.839 [] [main] INFO  s.d.s.w.r.operation.CachingOperationNameGenerator - Generating unique operation named: registerUsingPOST_1
2023-08-31 17:19:11.842 [] [main] INFO  s.d.s.w.r.operation.CachingOperationNameGenerator - Generating unique operation named: getUserUsingGET_1
2023-08-31 17:19:11.843 [] [main] INFO  s.d.s.w.r.operation.CachingOperationNameGenerator - Generating unique operation named: getUserUsingHEAD_1
2023-08-31 17:19:11.843 [] [main] INFO  s.d.s.w.r.operation.CachingOperationNameGenerator - Generating unique operation named: getUserUsingPOST_1
2023-08-31 17:19:11.844 [] [main] INFO  s.d.s.w.r.operation.CachingOperationNameGenerator - Generating unique operation named: getUserUsingPUT_1
2023-08-31 17:19:11.844 [] [main] INFO  s.d.s.w.r.operation.CachingOperationNameGenerator - Generating unique operation named: getUserUsingPATCH_1
2023-08-31 17:19:11.845 [] [main] INFO  s.d.s.w.r.operation.CachingOperationNameGenerator - Generating unique operation named: getUserUsingDELETE_1
2023-08-31 17:19:11.845 [] [main] INFO  s.d.s.w.r.operation.CachingOperationNameGenerator - Generating unique operation named: getUserUsingOPTIONS_1
2023-08-31 17:19:11.846 [] [main] INFO  s.d.s.w.r.operation.CachingOperationNameGenerator - Generating unique operation named: getUserUsingTRACE_1
2023-08-31 17:19:11.886 [] [main] INFO  com.example.seckilldemo.SeckillDemoApplication - Started SeckillDemoApplication in 7.184 seconds (JVM running for 8.248)
